This file contains any messages produced by compilers while
running configure, to aid debugging if configure makes a mistake.

It was created by chadwick configure 0.6.5, which was
generated by GNU Autoconf 2.69.  Invocation command line was

  $ ./configure 

## --------- ##
## Platform. ##
## --------- ##

hostname = cs-6000-devshell-vm-763df997-0f39-4ef7-bc02-51926c25e634
uname -m = x86_64
uname -r = 3.16.0-5-amd64
uname -s = Linux
uname -v = #1 SMP Debian 3.16.51-3+deb8u1 (2018-01-08)

/usr/bin/uname -p = unknown
/bin/uname -X     = unknown

/bin/arch              = unknown
/usr/bin/arch -k       = unknown
/usr/convex/getsysinfo = unknown
/usr/bin/hostinfo      = unknown
/bin/machine           = unknown
/usr/bin/oslevel       = unknown
/bin/universe          = unknown

PATH: /home/justinjarjar/retro/env/bin
PATH: /home/justinjarjar/gopath/bin
PATH: /google/gopath/bin
PATH: /google/google-cloud-sdk/bin
PATH: /usr/local/go/bin
PATH: /opt/gradle/bin
PATH: /opt/maven/bin
PATH: /usr/local/sbin
PATH: /usr/local/bin
PATH: /usr/sbin
PATH: /usr/bin
PATH: /sbin
PATH: /bin
PATH: .
PATH: /google/go_appengine
PATH: /google/google_appengine


## ----------- ##
## Core tests. ##
## ----------- ##

configure:2261: checking for a BSD-compatible install
configure:2329: result: /usr/bin/install -c
configure:2340: checking whether build environment is sane
configure:2395: result: yes
configure:2433: WARNING: 'missing' script is too old or missing
configure:2546: checking for a thread-safe mkdir -p
configure:2585: result: /bin/mkdir -p
configure:2592: checking for gawk
configure:2622: result: no
configure:2592: checking for mawk
configure:2608: found /usr/bin/mawk
configure:2619: result: mawk
configure:2630: checking whether make sets $(MAKE)
configure:2652: result: yes
configure:2681: checking whether make supports nested variables
configure:2698: result: yes
configure:2873: checking for gcc
configure:2889: found /usr/bin/gcc
configure:2900: result: gcc
configure:3129: checking for C compiler version
configure:3138: gcc --version >&5
gcc (Debian 6.3.0-18) 6.3.0 20170516
Copyright (C) 2016 Free Software Foundation, Inc.
This is free software; see the source for copying conditions.  There is NO
warranty; not even for MERCHANTABILITY or FITNESS FOR A PARTICULAR PURPOSE.

configure:3149: $? = 0
configure:3138: gcc -v >&5
Using built-in specs.
COLLECT_GCC=gcc
COLLECT_LTO_WRAPPER=/usr/lib/gcc/x86_64-linux-gnu/6/lto-wrapper
Target: x86_64-linux-gnu
Configured with: ../src/configure -v --with-pkgversion='Debian 6.3.0-18' --with-bugurl=file:///usr/share/doc/gcc-6/README.Bugs --enable-languages=c,ada,c++,java,go,d,fortran,objc,obj-c++ --prefix=/usr --program-suffix=-6 --program-prefix=x86_64-linux-gnu- --enable-shared --enable-linker-build-id --libexecdir=/usr/lib --without-included-gettext --enable-threads=posix --libdir=/usr/lib --enable-nls --with-sysroot=/ --enable-clocale=gnu --enable-libstdcxx-debug --enable-libstdcxx-time=yes --with-default-libstdcxx-abi=new --enable-gnu-unique-object --disable-vtable-verify --enable-libmpx --enable-plugin --enable-default-pie --with-system-zlib --disable-browser-plugin --enable-java-awt=gtk --enable-gtk-cairo --with-java-home=/usr/lib/jvm/java-1.5.0-gcj-6-amd64/jre --enable-java-home --with-jvm-root-dir=/usr/lib/jvm/java-1.5.0-gcj-6-amd64 --with-jvm-jar-dir=/usr/lib/jvm-exports/java-1.5.0-gcj-6-amd64 --with-arch-directory=amd64 --with-ecj-jar=/usr/share/java/eclipse-ecj.jar --with-target-system-zlib --enable-objc-gc=auto --enable-multiarch --with-arch-32=i686 --with-abi=m64 --with-multilib-list=m32,m64,mx32 --enable-multilib --with-tune=generic --enable-checking=release --build=x86_64-linux-gnu --host=x86_64-linux-gnu --target=x86_64-linux-gnu
Thread model: posix
gcc version 6.3.0 20170516 (Debian 6.3.0-18) 
configure:3149: $? = 0
configure:3138: gcc -V >&5
gcc: error: unrecognized command line option '-V'
gcc: fatal error: no input files
compilation terminated.
configure:3149: $? = 1
configure:3138: gcc -qversion >&5
gcc: error: unrecognized command line option '-qversion'; did you mean '--version'?
gcc: fatal error: no input files
compilation terminated.
configure:3149: $? = 1
configure:3169: checking whether the C compiler works
configure:3191: gcc    conftest.c  >&5
configure:3195: $? = 0
configure:3243: result: yes
configure:3246: checking for C compiler default output file name
configure:3248: result: a.out
configure:3254: checking for suffix of executables
configure:3261: gcc -o conftest    conftest.c  >&5
configure:3265: $? = 0
configure:3287: result: 
configure:3309: checking whether we are cross compiling
configure:3317: gcc -o conftest    conftest.c  >&5
configure:3321: $? = 0
configure:3328: ./conftest
configure:3332: $? = 0
configure:3347: result: no
configure:3352: checking for suffix of object files
configure:3374: gcc -c   conftest.c >&5
configure:3378: $? = 0
configure:3399: result: o
configure:3403: checking whether we are using the GNU C compiler
configure:3422: gcc -c   conftest.c >&5
configure:3422: $? = 0
configure:3431: result: yes
configure:3440: checking whether gcc accepts -g
configure:3460: gcc -c -g  conftest.c >&5
configure:3460: $? = 0
configure:3501: result: yes
configure:3518: checking for gcc option to accept ISO C89
configure:3581: gcc  -c -g -O2  conftest.c >&5
configure:3581: $? = 0
configure:3594: result: none needed
configure:3619: checking whether gcc understands -c and -o together
configure:3641: gcc -c conftest.c -o conftest2.o
configure:3644: $? = 0
configure:3641: gcc -c conftest.c -o conftest2.o
configure:3644: $? = 0
configure:3656: result: yes
configure:3684: checking for style of include used by make
configure:3712: result: GNU
configure:3738: checking dependency style of gcc
configure:3849: result: gcc3
configure:3893: checking build system type
configure:3907: result: x86_64-unknown-linux-gnu
configure:3927: checking host system type
configure:3940: result: x86_64-unknown-linux-gnu
configure:3981: checking how to print strings
configure:4008: result: printf
configure:4029: checking for a sed that does not truncate output
configure:4093: result: /bin/sed
configure:4111: checking for grep that handles long lines and -e
configure:4169: result: /bin/grep
configure:4174: checking for egrep
configure:4236: result: /bin/grep -E
configure:4241: checking for fgrep
configure:4303: result: /bin/grep -F
configure:4338: checking for ld used by gcc
configure:4405: result: /usr/bin/ld
configure:4412: checking if the linker (/usr/bin/ld) is GNU ld
configure:4427: result: yes
configure:4439: checking for BSD- or MS-compatible name lister (nm)
configure:4488: result: /usr/bin/nm -B
configure:4618: checking the name lister (/usr/bin/nm -B) interface
configure:4625: gcc -c -g -O2  conftest.c >&5
configure:4628: /usr/bin/nm -B "conftest.o"
configure:4631: output
0000000000000000 B some_variable
configure:4638: result: BSD nm
configure:4641: checking whether ln -s works
configure:4645: result: yes
configure:4653: checking the maximum length of command line arguments
configure:4783: result: 1572864
configure:4800: checking whether the shell understands some XSI constructs
configure:4810: result: yes
configure:4814: checking whether the shell understands "+="
configure:4820: result: yes
configure:4855: checking how to convert x86_64-unknown-linux-gnu file names to x86_64-unknown-linux-gnu format
configure:4895: result: func_convert_file_noop
configure:4902: checking how to convert x86_64-unknown-linux-gnu file names to toolchain format
configure:4922: result: func_convert_file_noop
configure:4929: checking for /usr/bin/ld option to reload object files
configure:4936: result: -r
configure:5010: checking for objdump
configure:5026: found /usr/bin/objdump
configure:5037: result: objdump
configure:5069: checking how to recognize dependent libraries
configure:5271: result: pass_all
configure:5356: checking for dlltool
configure:5386: result: no
configure:5416: checking how to associate runtime and link libraries
configure:5443: result: printf %s\n
configure:5504: checking for ar
configure:5520: found /usr/bin/ar
configure:5531: result: ar
configure:5568: checking for archiver @FILE support
configure:5585: gcc -c -g -O2  conftest.c >&5
configure:5585: $? = 0
configure:5588: ar cru libconftest.a @conftest.lst >&5
ar: `u' modifier ignored since `D' is the default (see `U')
configure:5591: $? = 0
configure:5596: ar cru libconftest.a @conftest.lst >&5
ar: `u' modifier ignored since `D' is the default (see `U')
ar: conftest.o: No such file or directory
configure:5599: $? = 1
configure:5611: result: @
configure:5669: checking for strip
configure:5685: found /usr/bin/strip
configure:5696: result: strip
configure:5768: checking for ranlib
configure:5784: found /usr/bin/ranlib
configure:5795: result: ranlib
configure:5897: checking command to parse /usr/bin/nm -B output from gcc object
configure:6017: gcc -c -g -O2  conftest.c >&5
configure:6020: $? = 0
configure:6024: /usr/bin/nm -B conftest.o \| sed -n -e 's/^.*[ ]\([ABCDGIRSTW][ABCDGIRSTW]*\)[ ][ ]*\([_A-Za-z][_A-Za-z0-9]*\)$/\1 \2 \2/p' | sed '/ __gnu_lto/d' \> conftest.nm
configure:6027: $? = 0
configure:6093: gcc -o conftest -g -O2   conftest.c conftstm.o >&5
configure:6096: $? = 0
configure:6134: result: ok
configure:6171: checking for sysroot
configure:6201: result: no
configure:6278: gcc -c -g -O2  conftest.c >&5
configure:6281: $? = 0
configure:6457: checking for mt
configure:6473: found /bin/mt
configure:6484: result: mt
configure:6507: checking if mt is a manifest tool
configure:6513: mt '-?'
configure:6521: result: no
configure:7163: checking how to run the C preprocessor
configure:7194: gcc -E  conftest.c
configure:7194: $? = 0
configure:7208: gcc -E  conftest.c
conftest.c:11:28: fatal error: ac_nonexistent.h: No such file or directory
 #include <ac_nonexistent.h>
                            ^
compilation terminated.
configure:7208: $? = 1
configure: failed program was:
| /* confdefs.h */
| #define PACKAGE_NAME "chadwick"
| #define PACKAGE_TARNAME "chadwick"
| #define PACKAGE_VERSION "0.6.5"
| #define PACKAGE_STRING "chadwick 0.6.5"
| #define PACKAGE_BUGREPORT ""
| #define PACKAGE_URL ""
| #define PACKAGE "chadwick"
| #define VERSION "0.6.5"
| /* end confdefs.h.  */
| #include <ac_nonexistent.h>
configure:7233: result: gcc -E
configure:7253: gcc -E  conftest.c
configure:7253: $? = 0
configure:7267: gcc -E  conftest.c
conftest.c:11:28: fatal error: ac_nonexistent.h: No such file or directory
 #include <ac_nonexistent.h>
                            ^
compilation terminated.
configure:7267: $? = 1
configure: failed program was:
| /* confdefs.h */
| #define PACKAGE_NAME "chadwick"
| #define PACKAGE_TARNAME "chadwick"
| #define PACKAGE_VERSION "0.6.5"
| #define PACKAGE_STRING "chadwick 0.6.5"
| #define PACKAGE_BUGREPORT ""
| #define PACKAGE_URL ""
| #define PACKAGE "chadwick"
| #define VERSION "0.6.5"
| /* end confdefs.h.  */
| #include <ac_nonexistent.h>
configure:7296: checking for ANSI C header files
configure:7316: gcc -c -g -O2  conftest.c >&5
configure:7316: $? = 0
configure:7389: gcc -o conftest -g -O2   conftest.c  >&5
configure:7389: $? = 0
configure:7389: ./conftest
configure:7389: $? = 0
configure:7400: result: yes
configure:7413: checking for sys/types.h
configure:7413: gcc -c -g -O2  conftest.c >&5
configure:7413: $? = 0
configure:7413: result: yes
configure:7413: checking for sys/stat.h
configure:7413: gcc -c -g -O2  conftest.c >&5
configure:7413: $? = 0
configure:7413: result: yes
configure:7413: checking for stdlib.h
configure:7413: gcc -c -g -O2  conftest.c >&5
configure:7413: $? = 0
configure:7413: result: yes
configure:7413: checking for string.h
configure:7413: gcc -c -g -O2  conftest.c >&5
configure:7413: $? = 0
configure:7413: result: yes
configure:7413: checking for memory.h
configure:7413: gcc -c -g -O2  conftest.c >&5
configure:7413: $? = 0
configure:7413: result: yes
configure:7413: checking for strings.h
configure:7413: gcc -c -g -O2  conftest.c >&5
configure:7413: $? = 0
configure:7413: result: yes
configure:7413: checking for inttypes.h
configure:7413: gcc -c -g -O2  conftest.c >&5
configure:7413: $? = 0
configure:7413: result: yes
configure:7413: checking for stdint.h
configure:7413: gcc -c -g -O2  conftest.c >&5
configure:7413: $? = 0
configure:7413: result: yes
configure:7413: checking for unistd.h
configure:7413: gcc -c -g -O2  conftest.c >&5
configure:7413: $? = 0
configure:7413: result: yes
configure:7427: checking for dlfcn.h
configure:7427: gcc -c -g -O2  conftest.c >&5
configure:7427: $? = 0
configure:7427: result: yes
configure:7633: checking for objdir
configure:7648: result: .libs
configure:7919: checking if gcc supports -fno-rtti -fno-exceptions
configure:7937: gcc -c -g -O2  -fno-rtti -fno-exceptions conftest.c >&5
cc1: warning: command line option '-fno-rtti' is valid for C++/ObjC++ but not for C
configure:7941: $? = 0
configure:7954: result: no
configure:8281: checking for gcc option to produce PIC
configure:8288: result: -fPIC -DPIC
configure:8296: checking if gcc PIC flag -fPIC -DPIC works
configure:8314: gcc -c -g -O2  -fPIC -DPIC -DPIC conftest.c >&5
configure:8318: $? = 0
configure:8331: result: yes
configure:8360: checking if gcc static flag -static works
configure:8388: result: yes
configure:8403: checking if gcc supports -c -o file.o
configure:8424: gcc -c -g -O2  -o out/conftest2.o conftest.c >&5
configure:8428: $? = 0
configure:8450: result: yes
configure:8458: checking if gcc supports -c -o file.o
configure:8505: result: yes
configure:8538: checking whether the gcc linker (/usr/bin/ld -m elf_x86_64) supports shared libraries
configure:9691: result: yes
configure:9728: checking whether -lc should be explicitly linked in
configure:9736: gcc -c -g -O2  conftest.c >&5
configure:9739: $? = 0
configure:9754: gcc -shared  -fPIC -DPIC conftest.o  -v -Wl,-soname -Wl,conftest -o conftest 2\>\&1 \| /bin/grep  -lc  \>/dev/null 2\>\&1
configure:9757: $? = 0
configure:9771: result: no
configure:9931: checking dynamic linker characteristics
configure:10442: gcc -o conftest -g -O2   -Wl,-rpath -Wl,/foo conftest.c  >&5
configure:10442: $? = 0
configure:10664: result: GNU/Linux ld.so
configure:10771: checking how to hardcode library paths into programs
configure:10796: result: immediate
configure:11336: checking whether stripping libraries is possible
configure:11341: result: yes
configure:11376: checking if libtool supports shared libraries
configure:11378: result: yes
configure:11381: checking whether to build shared libraries
configure:11402: result: yes
configure:11405: checking whether to build static libraries
configure:11409: result: yes
configure:11448: checking for ANSI C header files
configure:11552: result: yes
configure:11561: checking for struct tm.tm_gmtoff
configure:11561: gcc -c -g -O2  conftest.c >&5
configure:11561: $? = 0
configure:11561: result: yes
configure:11569: checking whether _timezone is declared
configure:11569: gcc -c -g -O2  conftest.c >&5
conftest.c: In function 'main':
conftest.c:34:10: error: '_timezone' undeclared (first use in this function)
   (void) _timezone;
          ^~~~~~~~~
conftest.c:34:10: note: each undeclared identifier is reported only once for each function it appears in
configure:11569: $? = 1
configure: failed program was:
| /* confdefs.h */
| #define PACKAGE_NAME "chadwick"
| #define PACKAGE_TARNAME "chadwick"
| #define PACKAGE_VERSION "0.6.5"
| #define PACKAGE_STRING "chadwick 0.6.5"
| #define PACKAGE_BUGREPORT ""
| #define PACKAGE_URL ""
| #define PACKAGE "chadwick"
| #define VERSION "0.6.5"
| #define STDC_HEADERS 1
| #define HAVE_SYS_TYPES_H 1
| #define HAVE_SYS_STAT_H 1
| #define HAVE_STDLIB_H 1
| #define HAVE_STRING_H 1
| #define HAVE_MEMORY_H 1
| #define HAVE_STRINGS_H 1
| #define HAVE_INTTYPES_H 1
| #define HAVE_STDINT_H 1
| #define HAVE_UNISTD_H 1
| #define HAVE_DLFCN_H 1
| #define LT_OBJDIR ".libs/"
| #define STDC_HEADERS 1
| #define HAVE_STRUCT_TM_TM_GMTOFF 1
| /* end confdefs.h.  */
| #include <time.h>
| 
| int
| main ()
| {
| #ifndef _timezone
| #ifdef __cplusplus
|   (void) _timezone;
| #else
|   (void) _timezone;
| #endif
| #endif
| 
|   ;
|   return 0;
| }
configure:11569: result: no
configure:11725: checking that generated files are newer than configure
configure:11731: result: done
configure:11754: creating ./config.status

## ---------------------- ##
## Running config.status. ##
## ---------------------- ##

This file was extended by chadwick config.status 0.6.5, which was
generated by GNU Autoconf 2.69.  Invocation command line was

  CONFIG_FILES    = 
  CONFIG_HEADERS  = 
  CONFIG_LINKS    = 
  CONFIG_COMMANDS = 
  $ ./config.status 

on cs-6000-devshell-vm-763df997-0f39-4ef7-bc02-51926c25e634

config.status:1006: creating src/cwlib/Makefile
config.status:1006: creating src/cwtools/Makefile
config.status:1006: creating src/Makefile
config.status:1006: creating Makefile
config.status:1178: executing depfiles commands
config.status:1178: executing libtool commands

## ---------------- ##
## Cache variables. ##
## ---------------- ##

ac_cv_build=x86_64-unknown-linux-gnu
ac_cv_c_compiler_gnu=yes
ac_cv_env_CC_set=
ac_cv_env_CC_value=
ac_cv_env_CFLAGS_set=
ac_cv_env_CFLAGS_value=
ac_cv_env_CPPFLAGS_set=
ac_cv_env_CPPFLAGS_value=
ac_cv_env_CPP_set=
ac_cv_env_CPP_value=
ac_cv_env_LDFLAGS_set=
ac_cv_env_LDFLAGS_value=
ac_cv_env_LIBS_set=
ac_cv_env_LIBS_value=
ac_cv_env_build_alias_set=
ac_cv_env_build_alias_value=
ac_cv_env_host_alias_set=
ac_cv_env_host_alias_value=
ac_cv_env_target_alias_set=
ac_cv_env_target_alias_value=
ac_cv_have_decl__timezone=no
ac_cv_header_dlfcn_h=yes
ac_cv_header_inttypes_h=yes
ac_cv_header_memory_h=yes
ac_cv_header_stdc=yes
ac_cv_header_stdint_h=yes
ac_cv_header_stdlib_h=yes
ac_cv_header_string_h=yes
ac_cv_header_strings_h=yes
ac_cv_header_sys_stat_h=yes
ac_cv_header_sys_types_h=yes
ac_cv_header_unistd_h=yes
ac_cv_host=x86_64-unknown-linux-gnu
ac_cv_member_struct_tm_tm_gmtoff=yes
ac_cv_objext=o
ac_cv_path_EGREP='/bin/grep -E'
ac_cv_path_FGREP='/bin/grep -F'
ac_cv_path_GREP=/bin/grep
ac_cv_path_SED=/bin/sed
ac_cv_path_install='/usr/bin/install -c'
ac_cv_path_mkdir=/bin/mkdir
ac_cv_prog_AWK=mawk
ac_cv_prog_CPP='gcc -E'
ac_cv_prog_ac_ct_AR=ar
ac_cv_prog_ac_ct_CC=gcc
ac_cv_prog_ac_ct_MANIFEST_TOOL=mt
ac_cv_prog_ac_ct_OBJDUMP=objdump
ac_cv_prog_ac_ct_RANLIB=ranlib
ac_cv_prog_ac_ct_STRIP=strip
ac_cv_prog_cc_c89=
ac_cv_prog_cc_g=yes
ac_cv_prog_make_make_set=yes
am_cv_CC_dependencies_compiler_type=gcc3
am_cv_make_support_nested_variables=yes
am_cv_prog_cc_c_o=yes
lt_cv_ar_at_file=@
lt_cv_archive_cmds_need_lc=no
lt_cv_deplibs_check_method=pass_all
lt_cv_file_magic_cmd='$MAGIC_CMD'
lt_cv_file_magic_test_file=
lt_cv_ld_reload_flag=-r
lt_cv_nm_interface='BSD nm'
lt_cv_objdir=.libs
lt_cv_path_LD=/usr/bin/ld
lt_cv_path_NM='/usr/bin/nm -B'
lt_cv_path_mainfest_tool=no
lt_cv_prog_compiler_c_o=yes
lt_cv_prog_compiler_pic='-fPIC -DPIC'
lt_cv_prog_compiler_pic_works=yes
lt_cv_prog_compiler_rtti_exceptions=no
lt_cv_prog_compiler_static_works=yes
lt_cv_prog_gnu_ld=yes
lt_cv_sharedlib_from_linklib_cmd='printf %s\n'
lt_cv_shlibpath_overrides_runpath=yes
lt_cv_sys_global_symbol_pipe='sed -n -e '\''s/^.*[	 ]\([ABCDGIRSTW][ABCDGIRSTW]*\)[	 ][	 ]*\([_A-Za-z][_A-Za-z0-9]*\)$/\1 \2 \2/p'\'' | sed '\''/ __gnu_lto/d'\'''
lt_cv_sys_global_symbol_to_c_name_address='sed -n -e '\''s/^: \([^ ]*\)[ ]*$/  {\"\1\", (void *) 0},/p'\'' -e '\''s/^[ABCDGIRSTW]* \([^ ]*\) \([^ ]*\)$/  {"\2", (void *) \&\2},/p'\'''
lt_cv_sys_global_symbol_to_c_name_address_lib_prefix='sed -n -e '\''s/^: \([^ ]*\)[ ]*$/  {\"\1\", (void *) 0},/p'\'' -e '\''s/^[ABCDGIRSTW]* \([^ ]*\) \(lib[^ ]*\)$/  {"\2", (void *) \&\2},/p'\'' -e '\''s/^[ABCDGIRSTW]* \([^ ]*\) \([^ ]*\)$/  {"lib\2", (void *) \&\2},/p'\'''
lt_cv_sys_global_symbol_to_cdecl='sed -n -e '\''s/^T .* \(.*\)$/extern int \1();/p'\'' -e '\''s/^[ABCDGIRSTW]* .* \(.*\)$/extern char \1;/p'\'''
lt_cv_sys_max_cmd_len=1572864
lt_cv_to_host_file_cmd=func_convert_file_noop
lt_cv_to_tool_file_cmd=func_convert_file_noop

## ----------------- ##
## Output variables. ##
## ----------------- ##

ACLOCAL='aclocal-1.15'
AMDEPBACKSLASH='\'
AMDEP_FALSE='#'
AMDEP_TRUE=''
AMTAR='$${TAR-tar}'
AM_BACKSLASH='\'
AM_DEFAULT_V='$(AM_DEFAULT_VERBOSITY)'
AM_DEFAULT_VERBOSITY='1'
AM_V='$(V)'
AR='ar'
AUTOCONF='autoconf'
AUTOHEADER='autoheader'
AUTOMAKE='automake-1.15'
AWK='mawk'
CC='gcc'
CCDEPMODE='depmode=gcc3'
CFLAGS='-g -O2'
CPP='gcc -E'
CPPFLAGS=''
CYGPATH_W='echo'
DEFS='-DPACKAGE_NAME=\"chadwick\" -DPACKAGE_TARNAME=\"chadwick\" -DPACKAGE_VERSION=\"0.6.5\" -DPACKAGE_STRING=\"chadwick\ 0.6.5\" -DPACKAGE_BUGREPORT=\"\" -DPACKAGE_URL=\"\" -DPACKAGE=\"chadwick\" -DVERSION=\"0.6.5\" -DSTDC_HEADERS=1 -DHAVE_SYS_TYPES_H=1 -DHAVE_SYS_STAT_H=1 -DHAVE_STDLIB_H=1 -DHAVE_STRING_H=1 -DHAVE_MEMORY_H=1 -DHAVE_STRINGS_H=1 -DHAVE_INTTYPES_H=1 -DHAVE_STDINT_H=1 -DHAVE_UNISTD_H=1 -DHAVE_DLFCN_H=1 -DLT_OBJDIR=\".libs/\" -DSTDC_HEADERS=1 -DHAVE_STRUCT_TM_TM_GMTOFF=1'
DEPDIR='.deps'
DLLTOOL='false'
DSYMUTIL=''
DUMPBIN=''
ECHO_C=''
ECHO_N='-n'
ECHO_T=''
EGREP='/bin/grep -E'
EXEEXT=''
FGREP='/bin/grep -F'
GREP='/bin/grep'
INSTALL_DATA='${INSTALL} -m 644'
INSTALL_PROGRAM='${INSTALL}'
INSTALL_SCRIPT='${INSTALL}'
INSTALL_STRIP_PROGRAM='$(install_sh) -c -s'
LD='/usr/bin/ld -m elf_x86_64'
LDFLAGS=''
LIBOBJS=''
LIBS=''
LIBTOOL='$(SHELL) $(top_builddir)/libtool'
LIPO=''
LN_S='ln -s'
LTLIBOBJS=''
MAKEINFO='makeinfo'
MANIFEST_TOOL=':'
MKDIR_P='/bin/mkdir -p'
NM='/usr/bin/nm -B'
NMEDIT=''
OBJDUMP='objdump'
OBJEXT='o'
OTOOL64=''
OTOOL=''
PACKAGE='chadwick'
PACKAGE_BUGREPORT=''
PACKAGE_NAME='chadwick'
PACKAGE_STRING='chadwick 0.6.5'
PACKAGE_TARNAME='chadwick'
PACKAGE_URL=''
PACKAGE_VERSION='0.6.5'
PATH_SEPARATOR=':'
RANLIB='ranlib'
SED='/bin/sed'
SET_MAKE=''
SHELL='/bin/bash'
STRIP='strip'
VERSION='0.6.5'
ac_ct_AR='ar'
ac_ct_CC='gcc'
ac_ct_DUMPBIN=''
am__EXEEXT_FALSE=''
am__EXEEXT_TRUE='#'
am__fastdepCC_FALSE='#'
am__fastdepCC_TRUE=''
am__include='include'
am__isrc=''
am__leading_dot='.'
am__nodep='_no'
am__quote=''
am__tar='$${TAR-tar} chof - "$$tardir"'
am__untar='$${TAR-tar} xf -'
bindir='${exec_prefix}/bin'
build='x86_64-unknown-linux-gnu'
build_alias=''
build_cpu='x86_64'
build_os='linux-gnu'
build_vendor='unknown'
datadir='${datarootdir}'
datarootdir='${prefix}/share'
docdir='${datarootdir}/doc/${PACKAGE_TARNAME}'
dvidir='${docdir}'
exec_prefix='${prefix}'
host='x86_64-unknown-linux-gnu'
host_alias=''
host_cpu='x86_64'
host_os='linux-gnu'
host_vendor='unknown'
htmldir='${docdir}'
includedir='${prefix}/include'
infodir='${datarootdir}/info'
install_sh='${SHELL} /home/justinjarjar/retro/chadwick-0.6.5/install-sh'
libdir='${exec_prefix}/lib'
libexecdir='${exec_prefix}/libexec'
localedir='${datarootdir}/locale'
localstatedir='${prefix}/var'
mandir='${datarootdir}/man'
mkdir_p='$(MKDIR_P)'
oldincludedir='/usr/include'
pdfdir='${docdir}'
prefix='/usr/local'
program_transform_name='s,x,x,'
psdir='${docdir}'
sbindir='${exec_prefix}/sbin'
sharedstatedir='${prefix}/com'
sysconfdir='${prefix}/etc'
target_alias=''

## ----------- ##
## confdefs.h. ##
## ----------- ##

/* confdefs.h */
#define PACKAGE_NAME "chadwick"
#define PACKAGE_TARNAME "chadwick"
#define PACKAGE_VERSION "0.6.5"
#define PACKAGE_STRING "chadwick 0.6.5"
#define PACKAGE_BUGREPORT ""
#define PACKAGE_URL ""
#define PACKAGE "chadwick"
#define VERSION "0.6.5"
#define STDC_HEADERS 1
#define HAVE_SYS_TYPES_H 1
#define HAVE_SYS_STAT_H 1
#define HAVE_STDLIB_H 1
#define HAVE_STRING_H 1
#define HAVE_MEMORY_H 1
#define HAVE_STRINGS_H 1
#define HAVE_INTTYPES_H 1
#define HAVE_STDINT_H 1
#define HAVE_UNISTD_H 1
#define HAVE_DLFCN_H 1
#define LT_OBJDIR ".libs/"
#define STDC_HEADERS 1
#define HAVE_STRUCT_TM_TM_GMTOFF 1

configure: exit 0
